2018-03-07 17:55:45,286 - Log4JLogChute initialized using file 'velocity.log'
2018-03-07 17:55:45,287 - Starting Apache Velocity v1.5 (compiled: 2007-02-22 08:52:29)
2018-03-07 17:55:45,287 - Default Properties File: org\apache\velocity\runtime\defaults\velocity.properties
2018-03-07 17:55:45,287 - Trying to use logger class org.apache.velocity.runtime.log.AvalonLogChute
2018-03-07 17:55:45,288 - Couldn't find class org.apache.velocity.runtime.log.AvalonLogChute or necessary supporting classes in classpath.
java.lang.NoClassDefFoundError: org/apache/log/format/Formatter
	at java.lang.Class.forName0(Native Method)
	at java.lang.Class.forName(Class.java:274)
	at org.apache.velocity.util.ClassUtils.getClass(ClassUtils.java:63)
	at org.apache.velocity.util.ClassUtils.getNewInstance(ClassUtils.java:95)
	at org.apache.velocity.runtime.log.LogManager.createLogChute(LogManager.java:147)
	at org.apache.velocity.runtime.log.LogManager.updateLog(LogManager.java:208)
	at org.apache.velocity.runtime.RuntimeInstance.initializeLog(RuntimeInstance.java:728)
	at org.apache.velocity.runtime.RuntimeInstance.init(RuntimeInstance.java:240)
	at org.apache.velocity.app.VelocityEngine.init(VelocityEngine.java:116)
	at org.mybatis.generator.maven.TextUtil.velocityMerge(TextUtil.java:96)
	at org.mybatis.generator.maven.MyBatisGeneratorMojo.gen(MyBatisGeneratorMojo.java:307)
	at org.mybatis.generator.maven.MyBatisGeneratorMojo.execute(MyBatisGeneratorMojo.java:233)
	at org.apache.maven.plugin.DefaultBuildPluginManager.executeMojo(DefaultBuildPluginManager.java:132)
	at org.apache.maven.lifecycle.internal.MojoExecutor.execute(MojoExecutor.java:208)
	at org.apache.maven.lifecycle.internal.MojoExecutor.execute(MojoExecutor.java:153)
	at org.apache.maven.lifecycle.internal.MojoExecutor.execute(MojoExecutor.java:145)
	at org.apache.maven.lifecycle.internal.LifecycleModuleBuilder.buildProject(LifecycleModuleBuilder.java:116)
	at org.apache.maven.lifecycle.internal.LifecycleModuleBuilder.buildProject(LifecycleModuleBuilder.java:80)
	at org.apache.maven.lifecycle.internal.builder.singlethreaded.SingleThreadedBuilder.build(SingleThreadedBuilder.java:51)
	at org.apache.maven.lifecycle.internal.LifecycleStarter.execute(LifecycleStarter.java:120)
	at org.apache.maven.DefaultMaven.doExecute(DefaultMaven.java:347)
	at org.apache.maven.DefaultMaven.execute(DefaultMaven.java:154)
	at org.apache.maven.cli.MavenCli.execute(MavenCli.java:584)
	at org.apache.maven.cli.MavenCli.doMain(MavenCli.java:213)
	at org.apache.maven.cli.MavenCli.main(MavenCli.java:157)
	at sun.reflect.NativeMethodAccessorImpl.invoke0(Native Method)
	at sun.reflect.NativeMethodAccessorImpl.invoke(NativeMethodAccessorImpl.java:57)
	at sun.reflect.DelegatingMethodAccessorImpl.invoke(DelegatingMethodAccessorImpl.java:43)
	at java.lang.reflect.Method.invoke(Method.java:606)
	at org.codehaus.plexus.classworlds.launcher.Launcher.launchEnhanced(Launcher.java:289)
	at org.codehaus.plexus.classworlds.launcher.Launcher.launch(Launcher.java:229)
	at org.codehaus.plexus.classworlds.launcher.Launcher.mainWithExitCode(Launcher.java:415)
	at org.codehaus.plexus.classworlds.launcher.Launcher.main(Launcher.java:356)
Caused by: java.lang.ClassNotFoundException: org.apache.log.format.Formatter
	at org.codehaus.plexus.classworlds.strategy.SelfFirstStrategy.loadClass(SelfFirstStrategy.java:50)
	at org.codehaus.plexus.classworlds.realm.ClassRealm.unsynchronizedLoadClass(ClassRealm.java:259)
	at org.codehaus.plexus.classworlds.realm.ClassRealm.loadClass(ClassRealm.java:235)
	at org.codehaus.plexus.classworlds.realm.ClassRealm.loadClass(ClassRealm.java:227)
	... 33 more
2018-03-07 17:55:45,291 - Trying to use logger class org.apache.velocity.runtime.log.Log4JLogChute
2018-03-07 17:55:45,291 - Using logger class org.apache.velocity.runtime.log.Log4JLogChute
2018-03-07 17:55:45,295 - Default ResourceManager initializing. (class org.apache.velocity.runtime.resource.ResourceManagerImpl)
2018-03-07 17:55:45,299 - ResourceLoader instantiated: org.apache.velocity.runtime.resource.loader.ClasspathResourceLoader
2018-03-07 17:55:45,347 - ResourceCache: initialized (class org.apache.velocity.runtime.resource.ResourceCacheImpl)
2018-03-07 17:55:45,349 - Loaded System Directive: org.apache.velocity.runtime.directive.Literal
2018-03-07 17:55:45,351 - Loaded System Directive: org.apache.velocity.runtime.directive.Macro
2018-03-07 17:55:45,353 - Loaded System Directive: org.apache.velocity.runtime.directive.Parse
2018-03-07 17:55:45,355 - Loaded System Directive: org.apache.velocity.runtime.directive.Include
2018-03-07 17:55:45,356 - Loaded System Directive: org.apache.velocity.runtime.directive.Foreach
2018-03-07 17:55:45,379 - Created '20' parsers.
2018-03-07 17:55:45,383 - Velocimacro : "velocimacro.library" is not set.  Trying default library: VM_global_library.vm
2018-03-07 17:55:45,383 - Velocimacro : Default library not found.
2018-03-07 17:55:45,383 - Velocimacro : allowInline = true : VMs can be defined inline in templates
2018-03-07 17:55:45,383 - Velocimacro : allowInlineToOverride = false : VMs defined inline may NOT replace previous VM definitions
2018-03-07 17:55:45,383 - Velocimacro : allowInlineLocal = false : VMs defined inline will be global in scope if allowed.
2018-03-07 17:55:45,383 - Velocimacro : autoload off : VM system will not automatically reload global library macros
2018-03-07 17:55:45,388 - ResourceManager : found code_template_new/DictMapper.java.vm with loader org.apache.velocity.runtime.resource.loader.ClasspathResourceLoader
2018-03-07 17:55:45,392 - Log4JLogChute initialized using file 'velocity.log'
2018-03-07 17:55:45,392 - Log4JLogChute initialized using file 'velocity.log'
2018-03-07 17:55:45,392 - Starting Apache Velocity v1.5 (compiled: 2007-02-22 08:52:29)
2018-03-07 17:55:45,392 - Starting Apache Velocity v1.5 (compiled: 2007-02-22 08:52:29)
2018-03-07 17:55:45,392 - Default Properties File: org\apache\velocity\runtime\defaults\velocity.properties
2018-03-07 17:55:45,392 - Default Properties File: org\apache\velocity\runtime\defaults\velocity.properties
2018-03-07 17:55:45,393 - Trying to use logger class org.apache.velocity.runtime.log.AvalonLogChute
2018-03-07 17:55:45,393 - Trying to use logger class org.apache.velocity.runtime.log.AvalonLogChute
2018-03-07 17:55:45,393 - Couldn't find class org.apache.velocity.runtime.log.AvalonLogChute or necessary supporting classes in classpath.
java.lang.NoClassDefFoundError: org/apache/log/format/Formatter
	at java.lang.Class.forName0(Native Method)
	at java.lang.Class.forName(Class.java:274)
	at org.apache.velocity.util.ClassUtils.getClass(ClassUtils.java:63)
	at org.apache.velocity.util.ClassUtils.getNewInstance(ClassUtils.java:95)
	at org.apache.velocity.runtime.log.LogManager.createLogChute(LogManager.java:147)
	at org.apache.velocity.runtime.log.LogManager.updateLog(LogManager.java:208)
	at org.apache.velocity.runtime.RuntimeInstance.initializeLog(RuntimeInstance.java:728)
	at org.apache.velocity.runtime.RuntimeInstance.init(RuntimeInstance.java:240)
	at org.apache.velocity.app.VelocityEngine.init(VelocityEngine.java:116)
	at org.mybatis.generator.maven.TextUtil.velocityMerge(TextUtil.java:96)
	at org.mybatis.generator.maven.MyBatisGeneratorMojo.gen(MyBatisGeneratorMojo.java:307)
	at org.mybatis.generator.maven.MyBatisGeneratorMojo.execute(MyBatisGeneratorMojo.java:237)
	at org.apache.maven.plugin.DefaultBuildPluginManager.executeMojo(DefaultBuildPluginManager.java:132)
	at org.apache.maven.lifecycle.internal.MojoExecutor.execute(MojoExecutor.java:208)
	at org.apache.maven.lifecycle.internal.MojoExecutor.execute(MojoExecutor.java:153)
	at org.apache.maven.lifecycle.internal.MojoExecutor.execute(MojoExecutor.java:145)
	at org.apache.maven.lifecycle.internal.LifecycleModuleBuilder.buildProject(LifecycleModuleBuilder.java:116)
	at org.apache.maven.lifecycle.internal.LifecycleModuleBuilder.buildProject(LifecycleModuleBuilder.java:80)
	at org.apache.maven.lifecycle.internal.builder.singlethreaded.SingleThreadedBuilder.build(SingleThreadedBuilder.java:51)
	at org.apache.maven.lifecycle.internal.LifecycleStarter.execute(LifecycleStarter.java:120)
	at org.apache.maven.DefaultMaven.doExecute(DefaultMaven.java:347)
	at org.apache.maven.DefaultMaven.execute(DefaultMaven.java:154)
	at org.apache.maven.cli.MavenCli.execute(MavenCli.java:584)
	at org.apache.maven.cli.MavenCli.doMain(MavenCli.java:213)
	at org.apache.maven.cli.MavenCli.main(MavenCli.java:157)
	at sun.reflect.NativeMethodAccessorImpl.invoke0(Native Method)
	at sun.reflect.NativeMethodAccessorImpl.invoke(NativeMethodAccessorImpl.java:57)
	at sun.reflect.DelegatingMethodAccessorImpl.invoke(DelegatingMethodAccessorImpl.java:43)
	at java.lang.reflect.Method.invoke(Method.java:606)
	at org.codehaus.plexus.classworlds.launcher.Launcher.launchEnhanced(Launcher.java:289)
	at org.codehaus.plexus.classworlds.launcher.Launcher.launch(Launcher.java:229)
	at org.codehaus.plexus.classworlds.launcher.Launcher.mainWithExitCode(Launcher.java:415)
	at org.codehaus.plexus.classworlds.launcher.Launcher.main(Launcher.java:356)
Caused by: java.lang.ClassNotFoundException: org.apache.log.format.Formatter
	at org.codehaus.plexus.classworlds.strategy.SelfFirstStrategy.loadClass(SelfFirstStrategy.java:50)
	at org.codehaus.plexus.classworlds.realm.ClassRealm.unsynchronizedLoadClass(ClassRealm.java:259)
	at org.codehaus.plexus.classworlds.realm.ClassRealm.loadClass(ClassRealm.java:235)
	at org.codehaus.plexus.classworlds.realm.ClassRealm.loadClass(ClassRealm.java:227)
	... 33 more
2018-03-07 17:55:45,393 - Couldn't find class org.apache.velocity.runtime.log.AvalonLogChute or necessary supporting classes in classpath.
java.lang.NoClassDefFoundError: org/apache/log/format/Formatter
	at java.lang.Class.forName0(Native Method)
	at java.lang.Class.forName(Class.java:274)
	at org.apache.velocity.util.ClassUtils.getClass(ClassUtils.java:63)
	at org.apache.velocity.util.ClassUtils.getNewInstance(ClassUtils.java:95)
	at org.apache.velocity.runtime.log.LogManager.createLogChute(LogManager.java:147)
	at org.apache.velocity.runtime.log.LogManager.updateLog(LogManager.java:208)
	at org.apache.velocity.runtime.RuntimeInstance.initializeLog(RuntimeInstance.java:728)
	at org.apache.velocity.runtime.RuntimeInstance.init(RuntimeInstance.java:240)
	at org.apache.velocity.app.VelocityEngine.init(VelocityEngine.java:116)
	at org.mybatis.generator.maven.TextUtil.velocityMerge(TextUtil.java:96)
	at org.mybatis.generator.maven.MyBatisGeneratorMojo.gen(MyBatisGeneratorMojo.java:307)
	at org.mybatis.generator.maven.MyBatisGeneratorMojo.execute(MyBatisGeneratorMojo.java:237)
	at org.apache.maven.plugin.DefaultBuildPluginManager.executeMojo(DefaultBuildPluginManager.java:132)
	at org.apache.maven.lifecycle.internal.MojoExecutor.execute(MojoExecutor.java:208)
	at org.apache.maven.lifecycle.internal.MojoExecutor.execute(MojoExecutor.java:153)
	at org.apache.maven.lifecycle.internal.MojoExecutor.execute(MojoExecutor.java:145)
	at org.apache.maven.lifecycle.internal.LifecycleModuleBuilder.buildProject(LifecycleModuleBuilder.java:116)
	at org.apache.maven.lifecycle.internal.LifecycleModuleBuilder.buildProject(LifecycleModuleBuilder.java:80)
	at org.apache.maven.lifecycle.internal.builder.singlethreaded.SingleThreadedBuilder.build(SingleThreadedBuilder.java:51)
	at org.apache.maven.lifecycle.internal.LifecycleStarter.execute(LifecycleStarter.java:120)
	at org.apache.maven.DefaultMaven.doExecute(DefaultMaven.java:347)
	at org.apache.maven.DefaultMaven.execute(DefaultMaven.java:154)
	at org.apache.maven.cli.MavenCli.execute(MavenCli.java:584)
	at org.apache.maven.cli.MavenCli.doMain(MavenCli.java:213)
	at org.apache.maven.cli.MavenCli.main(MavenCli.java:157)
	at sun.reflect.NativeMethodAccessorImpl.invoke0(Native Method)
	at sun.reflect.NativeMethodAccessorImpl.invoke(NativeMethodAccessorImpl.java:57)
	at sun.reflect.DelegatingMethodAccessorImpl.invoke(DelegatingMethodAccessorImpl.java:43)
	at java.lang.reflect.Method.invoke(Method.java:606)
	at org.codehaus.plexus.classworlds.launcher.Launcher.launchEnhanced(Launcher.java:289)
	at org.codehaus.plexus.classworlds.launcher.Launcher.launch(Launcher.java:229)
	at org.codehaus.plexus.classworlds.launcher.Launcher.mainWithExitCode(Launcher.java:415)
	at org.codehaus.plexus.classworlds.launcher.Launcher.main(Launcher.java:356)
Caused by: java.lang.ClassNotFoundException: org.apache.log.format.Formatter
	at org.codehaus.plexus.classworlds.strategy.SelfFirstStrategy.loadClass(SelfFirstStrategy.java:50)
	at org.codehaus.plexus.classworlds.realm.ClassRealm.unsynchronizedLoadClass(ClassRealm.java:259)
	at org.codehaus.plexus.classworlds.realm.ClassRealm.loadClass(ClassRealm.java:235)
	at org.codehaus.plexus.classworlds.realm.ClassRealm.loadClass(ClassRealm.java:227)
	... 33 more
2018-03-07 17:55:45,393 - Trying to use logger class org.apache.velocity.runtime.log.Log4JLogChute
2018-03-07 17:55:45,393 - Trying to use logger class org.apache.velocity.runtime.log.Log4JLogChute
2018-03-07 17:55:45,393 - Using logger class org.apache.velocity.runtime.log.Log4JLogChute
2018-03-07 17:55:45,393 - Using logger class org.apache.velocity.runtime.log.Log4JLogChute
2018-03-07 17:55:45,393 - Default ResourceManager initializing. (class org.apache.velocity.runtime.resource.ResourceManagerImpl)
2018-03-07 17:55:45,393 - Default ResourceManager initializing. (class org.apache.velocity.runtime.resource.ResourceManagerImpl)
2018-03-07 17:55:45,393 - ResourceLoader instantiated: org.apache.velocity.runtime.resource.loader.ClasspathResourceLoader
2018-03-07 17:55:45,393 - ResourceLoader instantiated: org.apache.velocity.runtime.resource.loader.ClasspathResourceLoader
2018-03-07 17:55:45,393 - ResourceCache: initialized (class org.apache.velocity.runtime.resource.ResourceCacheImpl)
2018-03-07 17:55:45,393 - ResourceCache: initialized (class org.apache.velocity.runtime.resource.ResourceCacheImpl)
2018-03-07 17:55:45,394 - Loaded System Directive: org.apache.velocity.runtime.directive.Literal
2018-03-07 17:55:45,394 - Loaded System Directive: org.apache.velocity.runtime.directive.Literal
2018-03-07 17:55:45,394 - Loaded System Directive: org.apache.velocity.runtime.directive.Macro
2018-03-07 17:55:45,394 - Loaded System Directive: org.apache.velocity.runtime.directive.Macro
2018-03-07 17:55:45,394 - Loaded System Directive: org.apache.velocity.runtime.directive.Parse
2018-03-07 17:55:45,394 - Loaded System Directive: org.apache.velocity.runtime.directive.Parse
2018-03-07 17:55:45,394 - Loaded System Directive: org.apache.velocity.runtime.directive.Include
2018-03-07 17:55:45,394 - Loaded System Directive: org.apache.velocity.runtime.directive.Include
2018-03-07 17:55:45,394 - Loaded System Directive: org.apache.velocity.runtime.directive.Foreach
2018-03-07 17:55:45,394 - Loaded System Directive: org.apache.velocity.runtime.directive.Foreach
2018-03-07 17:55:45,395 - Created '20' parsers.
2018-03-07 17:55:45,395 - Created '20' parsers.
2018-03-07 17:55:45,395 - Velocimacro : "velocimacro.library" is not set.  Trying default library: VM_global_library.vm
2018-03-07 17:55:45,395 - Velocimacro : "velocimacro.library" is not set.  Trying default library: VM_global_library.vm
2018-03-07 17:55:45,395 - Velocimacro : Default library not found.
2018-03-07 17:55:45,395 - Velocimacro : Default library not found.
2018-03-07 17:55:45,395 - Velocimacro : allowInline = true : VMs can be defined inline in templates
2018-03-07 17:55:45,395 - Velocimacro : allowInline = true : VMs can be defined inline in templates
2018-03-07 17:55:45,395 - Velocimacro : allowInlineToOverride = false : VMs defined inline may NOT replace previous VM definitions
2018-03-07 17:55:45,395 - Velocimacro : allowInlineToOverride = false : VMs defined inline may NOT replace previous VM definitions
2018-03-07 17:55:45,395 - Velocimacro : allowInlineLocal = false : VMs defined inline will be global in scope if allowed.
2018-03-07 17:55:45,395 - Velocimacro : allowInlineLocal = false : VMs defined inline will be global in scope if allowed.
2018-03-07 17:55:45,395 - Velocimacro : autoload off : VM system will not automatically reload global library macros
2018-03-07 17:55:45,395 - Velocimacro : autoload off : VM system will not automatically reload global library macros
2018-03-07 17:55:45,397 - ResourceManager : found code_template_new/DictController.java.vm with loader org.apache.velocity.runtime.resource.loader.ClasspathResourceLoader
2018-03-07 17:55:45,397 - ResourceManager : found code_template_new/DictController.java.vm with loader org.apache.velocity.runtime.resource.loader.ClasspathResourceLoader
2018-03-07 17:55:45,398 - Null reference [template 'code_template_new/DictController.java.vm', line 41, column 17] : ${modelname} cannot be resolved.
2018-03-07 17:55:45,398 - Null reference [template 'code_template_new/DictController.java.vm', line 41, column 17] : ${modelname} cannot be resolved.
2018-03-07 17:55:45,405 - Log4JLogChute initialized using file 'velocity.log'
2018-03-07 17:55:45,405 - Log4JLogChute initialized using file 'velocity.log'
2018-03-07 17:55:45,405 - Log4JLogChute initialized using file 'velocity.log'
2018-03-07 17:55:45,406 - Starting Apache Velocity v1.5 (compiled: 2007-02-22 08:52:29)
2018-03-07 17:55:45,406 - Starting Apache Velocity v1.5 (compiled: 2007-02-22 08:52:29)
2018-03-07 17:55:45,406 - Starting Apache Velocity v1.5 (compiled: 2007-02-22 08:52:29)
2018-03-07 17:55:45,406 - Default Properties File: org\apache\velocity\runtime\defaults\velocity.properties
2018-03-07 17:55:45,406 - Default Properties File: org\apache\velocity\runtime\defaults\velocity.properties
2018-03-07 17:55:45,406 - Default Properties File: org\apache\velocity\runtime\defaults\velocity.properties
2018-03-07 17:55:45,406 - Trying to use logger class org.apache.velocity.runtime.log.AvalonLogChute
2018-03-07 17:55:45,406 - Trying to use logger class org.apache.velocity.runtime.log.AvalonLogChute
2018-03-07 17:55:45,406 - Trying to use logger class org.apache.velocity.runtime.log.AvalonLogChute
2018-03-07 17:55:45,406 - Couldn't find class org.apache.velocity.runtime.log.AvalonLogChute or necessary supporting classes in classpath.
java.lang.NoClassDefFoundError: org/apache/log/format/Formatter
	at java.lang.Class.forName0(Native Method)
	at java.lang.Class.forName(Class.java:274)
	at org.apache.velocity.util.ClassUtils.getClass(ClassUtils.java:63)
	at org.apache.velocity.util.ClassUtils.getNewInstance(ClassUtils.java:95)
	at org.apache.velocity.runtime.log.LogManager.createLogChute(LogManager.java:147)
	at org.apache.velocity.runtime.log.LogManager.updateLog(LogManager.java:208)
	at org.apache.velocity.runtime.RuntimeInstance.initializeLog(RuntimeInstance.java:728)
	at org.apache.velocity.runtime.RuntimeInstance.init(RuntimeInstance.java:240)
	at org.apache.velocity.app.VelocityEngine.init(VelocityEngine.java:116)
	at org.mybatis.generator.maven.TextUtil.velocityMerge(TextUtil.java:96)
	at org.mybatis.generator.maven.MyBatisGeneratorMojo.gen(MyBatisGeneratorMojo.java:307)
	at org.mybatis.generator.maven.MyBatisGeneratorMojo.execute(MyBatisGeneratorMojo.java:240)
	at org.apache.maven.plugin.DefaultBuildPluginManager.executeMojo(DefaultBuildPluginManager.java:132)
	at org.apache.maven.lifecycle.internal.MojoExecutor.execute(MojoExecutor.java:208)
	at org.apache.maven.lifecycle.internal.MojoExecutor.execute(MojoExecutor.java:153)
	at org.apache.maven.lifecycle.internal.MojoExecutor.execute(MojoExecutor.java:145)
	at org.apache.maven.lifecycle.internal.LifecycleModuleBuilder.buildProject(LifecycleModuleBuilder.java:116)
	at org.apache.maven.lifecycle.internal.LifecycleModuleBuilder.buildProject(LifecycleModuleBuilder.java:80)
	at org.apache.maven.lifecycle.internal.builder.singlethreaded.SingleThreadedBuilder.build(SingleThreadedBuilder.java:51)
	at org.apache.maven.lifecycle.internal.LifecycleStarter.execute(LifecycleStarter.java:120)
	at org.apache.maven.DefaultMaven.doExecute(DefaultMaven.java:347)
	at org.apache.maven.DefaultMaven.execute(DefaultMaven.java:154)
	at org.apache.maven.cli.MavenCli.execute(MavenCli.java:584)
	at org.apache.maven.cli.MavenCli.doMain(MavenCli.java:213)
	at org.apache.maven.cli.MavenCli.main(MavenCli.java:157)
	at sun.reflect.NativeMethodAccessorImpl.invoke0(Native Method)
	at sun.reflect.NativeMethodAccessorImpl.invoke(NativeMethodAccessorImpl.java:57)
	at sun.reflect.DelegatingMethodAccessorImpl.invoke(DelegatingMethodAccessorImpl.java:43)
	at java.lang.reflect.Method.invoke(Method.java:606)
	at org.codehaus.plexus.classworlds.launcher.Launcher.launchEnhanced(Launcher.java:289)
	at org.codehaus.plexus.classworlds.launcher.Launcher.launch(Launcher.java:229)
	at org.codehaus.plexus.classworlds.launcher.Launcher.mainWithExitCode(Launcher.java:415)
	at org.codehaus.plexus.classworlds.launcher.Launcher.main(Launcher.java:356)
Caused by: java.lang.ClassNotFoundException: org.apache.log.format.Formatter
	at org.codehaus.plexus.classworlds.strategy.SelfFirstStrategy.loadClass(SelfFirstStrategy.java:50)
	at org.codehaus.plexus.classworlds.realm.ClassRealm.unsynchronizedLoadClass(ClassRealm.java:259)
	at org.codehaus.plexus.classworlds.realm.ClassRealm.loadClass(ClassRealm.java:235)
	at org.codehaus.plexus.classworlds.realm.ClassRealm.loadClass(ClassRealm.java:227)
	... 33 more
2018-03-07 17:55:45,406 - Couldn't find class org.apache.velocity.runtime.log.AvalonLogChute or necessary supporting classes in classpath.
java.lang.NoClassDefFoundError: org/apache/log/format/Formatter
	at java.lang.Class.forName0(Native Method)
	at java.lang.Class.forName(Class.java:274)
	at org.apache.velocity.util.ClassUtils.getClass(ClassUtils.java:63)
	at org.apache.velocity.util.ClassUtils.getNewInstance(ClassUtils.java:95)
	at org.apache.velocity.runtime.log.LogManager.createLogChute(LogManager.java:147)
	at org.apache.velocity.runtime.log.LogManager.updateLog(LogManager.java:208)
	at org.apache.velocity.runtime.RuntimeInstance.initializeLog(RuntimeInstance.java:728)
	at org.apache.velocity.runtime.RuntimeInstance.init(RuntimeInstance.java:240)
	at org.apache.velocity.app.VelocityEngine.init(VelocityEngine.java:116)
	at org.mybatis.generator.maven.TextUtil.velocityMerge(TextUtil.java:96)
	at org.mybatis.generator.maven.MyBatisGeneratorMojo.gen(MyBatisGeneratorMojo.java:307)
	at org.mybatis.generator.maven.MyBatisGeneratorMojo.execute(MyBatisGeneratorMojo.java:240)
	at org.apache.maven.plugin.DefaultBuildPluginManager.executeMojo(DefaultBuildPluginManager.java:132)
	at org.apache.maven.lifecycle.internal.MojoExecutor.execute(MojoExecutor.java:208)
	at org.apache.maven.lifecycle.internal.MojoExecutor.execute(MojoExecutor.java:153)
	at org.apache.maven.lifecycle.internal.MojoExecutor.execute(MojoExecutor.java:145)
	at org.apache.maven.lifecycle.internal.LifecycleModuleBuilder.buildProject(LifecycleModuleBuilder.java:116)
	at org.apache.maven.lifecycle.internal.LifecycleModuleBuilder.buildProject(LifecycleModuleBuilder.java:80)
	at org.apache.maven.lifecycle.internal.builder.singlethreaded.SingleThreadedBuilder.build(SingleThreadedBuilder.java:51)
	at org.apache.maven.lifecycle.internal.LifecycleStarter.execute(LifecycleStarter.java:120)
	at org.apache.maven.DefaultMaven.doExecute(DefaultMaven.java:347)
	at org.apache.maven.DefaultMaven.execute(DefaultMaven.java:154)
	at org.apache.maven.cli.MavenCli.execute(MavenCli.java:584)
	at org.apache.maven.cli.MavenCli.doMain(MavenCli.java:213)
	at org.apache.maven.cli.MavenCli.main(MavenCli.java:157)
	at sun.reflect.NativeMethodAccessorImpl.invoke0(Native Method)
	at sun.reflect.NativeMethodAccessorImpl.invoke(NativeMethodAccessorImpl.java:57)
	at sun.reflect.DelegatingMethodAccessorImpl.invoke(DelegatingMethodAccessorImpl.java:43)
	at java.lang.reflect.Method.invoke(Method.java:606)
	at org.codehaus.plexus.classworlds.launcher.Launcher.launchEnhanced(Launcher.java:289)
	at org.codehaus.plexus.classworlds.launcher.Launcher.launch(Launcher.java:229)
	at org.codehaus.plexus.classworlds.launcher.Launcher.mainWithExitCode(Launcher.java:415)
	at org.codehaus.plexus.classworlds.launcher.Launcher.main(Launcher.java:356)
Caused by: java.lang.ClassNotFoundException: org.apache.log.format.Formatter
	at org.codehaus.plexus.classworlds.strategy.SelfFirstStrategy.loadClass(SelfFirstStrategy.java:50)
	at org.codehaus.plexus.classworlds.realm.ClassRealm.unsynchronizedLoadClass(ClassRealm.java:259)
	at org.codehaus.plexus.classworlds.realm.ClassRealm.loadClass(ClassRealm.java:235)
	at org.codehaus.plexus.classworlds.realm.ClassRealm.loadClass(ClassRealm.java:227)
	... 33 more
2018-03-07 17:55:45,406 - Couldn't find class org.apache.velocity.runtime.log.AvalonLogChute or necessary supporting classes in classpath.
java.lang.NoClassDefFoundError: org/apache/log/format/Formatter
	at java.lang.Class.forName0(Native Method)
	at java.lang.Class.forName(Class.java:274)
	at org.apache.velocity.util.ClassUtils.getClass(ClassUtils.java:63)
	at org.apache.velocity.util.ClassUtils.getNewInstance(ClassUtils.java:95)
	at org.apache.velocity.runtime.log.LogManager.createLogChute(LogManager.java:147)
	at org.apache.velocity.runtime.log.LogManager.updateLog(LogManager.java:208)
	at org.apache.velocity.runtime.RuntimeInstance.initializeLog(RuntimeInstance.java:728)
	at org.apache.velocity.runtime.RuntimeInstance.init(RuntimeInstance.java:240)
	at org.apache.velocity.app.VelocityEngine.init(VelocityEngine.java:116)
	at org.mybatis.generator.maven.TextUtil.velocityMerge(TextUtil.java:96)
	at org.mybatis.generator.maven.MyBatisGeneratorMojo.gen(MyBatisGeneratorMojo.java:307)
	at org.mybatis.generator.maven.MyBatisGeneratorMojo.execute(MyBatisGeneratorMojo.java:240)
	at org.apache.maven.plugin.DefaultBuildPluginManager.executeMojo(DefaultBuildPluginManager.java:132)
	at org.apache.maven.lifecycle.internal.MojoExecutor.execute(MojoExecutor.java:208)
	at org.apache.maven.lifecycle.internal.MojoExecutor.execute(MojoExecutor.java:153)
	at org.apache.maven.lifecycle.internal.MojoExecutor.execute(MojoExecutor.java:145)
	at org.apache.maven.lifecycle.internal.LifecycleModuleBuilder.buildProject(LifecycleModuleBuilder.java:116)
	at org.apache.maven.lifecycle.internal.LifecycleModuleBuilder.buildProject(LifecycleModuleBuilder.java:80)
	at org.apache.maven.lifecycle.internal.builder.singlethreaded.SingleThreadedBuilder.build(SingleThreadedBuilder.java:51)
	at org.apache.maven.lifecycle.internal.LifecycleStarter.execute(LifecycleStarter.java:120)
	at org.apache.maven.DefaultMaven.doExecute(DefaultMaven.java:347)
	at org.apache.maven.DefaultMaven.execute(DefaultMaven.java:154)
	at org.apache.maven.cli.MavenCli.execute(MavenCli.java:584)
	at org.apache.maven.cli.MavenCli.doMain(MavenCli.java:213)
	at org.apache.maven.cli.MavenCli.main(MavenCli.java:157)
	at sun.reflect.NativeMethodAccessorImpl.invoke0(Native Method)
	at sun.reflect.NativeMethodAccessorImpl.invoke(NativeMethodAccessorImpl.java:57)
	at sun.reflect.DelegatingMethodAccessorImpl.invoke(DelegatingMethodAccessorImpl.java:43)
	at java.lang.reflect.Method.invoke(Method.java:606)
	at org.codehaus.plexus.classworlds.launcher.Launcher.launchEnhanced(Launcher.java:289)
	at org.codehaus.plexus.classworlds.launcher.Launcher.launch(Launcher.java:229)
	at org.codehaus.plexus.classworlds.launcher.Launcher.mainWithExitCode(Launcher.java:415)
	at org.codehaus.plexus.classworlds.launcher.Launcher.main(Launcher.java:356)
Caused by: java.lang.ClassNotFoundException: org.apache.log.format.Formatter
	at org.codehaus.plexus.classworlds.strategy.SelfFirstStrategy.loadClass(SelfFirstStrategy.java:50)
	at org.codehaus.plexus.classworlds.realm.ClassRealm.unsynchronizedLoadClass(ClassRealm.java:259)
	at org.codehaus.plexus.classworlds.realm.ClassRealm.loadClass(ClassRealm.java:235)
	at org.codehaus.plexus.classworlds.realm.ClassRealm.loadClass(ClassRealm.java:227)
	... 33 more
2018-03-07 17:55:45,406 - Trying to use logger class org.apache.velocity.runtime.log.Log4JLogChute
2018-03-07 17:55:45,406 - Trying to use logger class org.apache.velocity.runtime.log.Log4JLogChute
2018-03-07 17:55:45,406 - Trying to use logger class org.apache.velocity.runtime.log.Log4JLogChute
2018-03-07 17:55:45,406 - Using logger class org.apache.velocity.runtime.log.Log4JLogChute
2018-03-07 17:55:45,406 - Using logger class org.apache.velocity.runtime.log.Log4JLogChute
2018-03-07 17:55:45,406 - Using logger class org.apache.velocity.runtime.log.Log4JLogChute
2018-03-07 17:55:45,407 - Default ResourceManager initializing. (class org.apache.velocity.runtime.resource.ResourceManagerImpl)
2018-03-07 17:55:45,407 - Default ResourceManager initializing. (class org.apache.velocity.runtime.resource.ResourceManagerImpl)
2018-03-07 17:55:45,407 - Default ResourceManager initializing. (class org.apache.velocity.runtime.resource.ResourceManagerImpl)
2018-03-07 17:55:45,407 - ResourceLoader instantiated: org.apache.velocity.runtime.resource.loader.ClasspathResourceLoader
2018-03-07 17:55:45,407 - ResourceLoader instantiated: org.apache.velocity.runtime.resource.loader.ClasspathResourceLoader
2018-03-07 17:55:45,407 - ResourceLoader instantiated: org.apache.velocity.runtime.resource.loader.ClasspathResourceLoader
2018-03-07 17:55:45,407 - ResourceCache: initialized (class org.apache.velocity.runtime.resource.ResourceCacheImpl)
2018-03-07 17:55:45,407 - ResourceCache: initialized (class org.apache.velocity.runtime.resource.ResourceCacheImpl)
2018-03-07 17:55:45,407 - ResourceCache: initialized (class org.apache.velocity.runtime.resource.ResourceCacheImpl)
2018-03-07 17:55:45,407 - Loaded System Directive: org.apache.velocity.runtime.directive.Literal
2018-03-07 17:55:45,407 - Loaded System Directive: org.apache.velocity.runtime.directive.Literal
2018-03-07 17:55:45,407 - Loaded System Directive: org.apache.velocity.runtime.directive.Literal
2018-03-07 17:55:45,407 - Loaded System Directive: org.apache.velocity.runtime.directive.Macro
2018-03-07 17:55:45,407 - Loaded System Directive: org.apache.velocity.runtime.directive.Macro
2018-03-07 17:55:45,407 - Loaded System Directive: org.apache.velocity.runtime.directive.Macro
2018-03-07 17:55:45,407 - Loaded System Directive: org.apache.velocity.runtime.directive.Parse
2018-03-07 17:55:45,407 - Loaded System Directive: org.apache.velocity.runtime.directive.Parse
2018-03-07 17:55:45,407 - Loaded System Directive: org.apache.velocity.runtime.directive.Parse
2018-03-07 17:55:45,407 - Loaded System Directive: org.apache.velocity.runtime.directive.Include
2018-03-07 17:55:45,407 - Loaded System Directive: org.apache.velocity.runtime.directive.Include
2018-03-07 17:55:45,407 - Loaded System Directive: org.apache.velocity.runtime.directive.Include
2018-03-07 17:55:45,407 - Loaded System Directive: org.apache.velocity.runtime.directive.Foreach
2018-03-07 17:55:45,407 - Loaded System Directive: org.apache.velocity.runtime.directive.Foreach
2018-03-07 17:55:45,407 - Loaded System Directive: org.apache.velocity.runtime.directive.Foreach
2018-03-07 17:55:45,408 - Created '20' parsers.
2018-03-07 17:55:45,408 - Created '20' parsers.
2018-03-07 17:55:45,408 - Created '20' parsers.
2018-03-07 17:55:45,408 - Velocimacro : "velocimacro.library" is not set.  Trying default library: VM_global_library.vm
2018-03-07 17:55:45,408 - Velocimacro : "velocimacro.library" is not set.  Trying default library: VM_global_library.vm
2018-03-07 17:55:45,408 - Velocimacro : "velocimacro.library" is not set.  Trying default library: VM_global_library.vm
2018-03-07 17:55:45,408 - Velocimacro : Default library not found.
2018-03-07 17:55:45,408 - Velocimacro : Default library not found.
2018-03-07 17:55:45,408 - Velocimacro : Default library not found.
2018-03-07 17:55:45,408 - Velocimacro : allowInline = true : VMs can be defined inline in templates
2018-03-07 17:55:45,408 - Velocimacro : allowInline = true : VMs can be defined inline in templates
2018-03-07 17:55:45,408 - Velocimacro : allowInline = true : VMs can be defined inline in templates
2018-03-07 17:55:45,408 - Velocimacro : allowInlineToOverride = false : VMs defined inline may NOT replace previous VM definitions
2018-03-07 17:55:45,408 - Velocimacro : allowInlineToOverride = false : VMs defined inline may NOT replace previous VM definitions
2018-03-07 17:55:45,408 - Velocimacro : allowInlineToOverride = false : VMs defined inline may NOT replace previous VM definitions
2018-03-07 17:55:45,408 - Velocimacro : allowInlineLocal = false : VMs defined inline will be global in scope if allowed.
2018-03-07 17:55:45,408 - Velocimacro : allowInlineLocal = false : VMs defined inline will be global in scope if allowed.
2018-03-07 17:55:45,408 - Velocimacro : allowInlineLocal = false : VMs defined inline will be global in scope if allowed.
2018-03-07 17:55:45,409 - Velocimacro : autoload off : VM system will not automatically reload global library macros
2018-03-07 17:55:45,409 - Velocimacro : autoload off : VM system will not automatically reload global library macros
2018-03-07 17:55:45,409 - Velocimacro : autoload off : VM system will not automatically reload global library macros
2018-03-07 17:55:45,410 - ResourceManager : found code_template_new/DictServiceImpl.java.vm with loader org.apache.velocity.runtime.resource.loader.ClasspathResourceLoader
2018-03-07 17:55:45,410 - ResourceManager : found code_template_new/DictServiceImpl.java.vm with loader org.apache.velocity.runtime.resource.loader.ClasspathResourceLoader
2018-03-07 17:55:45,410 - ResourceManager : found code_template_new/DictServiceImpl.java.vm with loader org.apache.velocity.runtime.resource.loader.ClasspathResourceLoader
2018-03-07 17:55:45,413 - Log4JLogChute initialized using file 'velocity.log'
2018-03-07 17:55:45,413 - Log4JLogChute initialized using file 'velocity.log'
2018-03-07 17:55:45,413 - Log4JLogChute initialized using file 'velocity.log'
2018-03-07 17:55:45,413 - Log4JLogChute initialized using file 'velocity.log'
2018-03-07 17:55:45,413 - Starting Apache Velocity v1.5 (compiled: 2007-02-22 08:52:29)
2018-03-07 17:55:45,413 - Starting Apache Velocity v1.5 (compiled: 2007-02-22 08:52:29)
2018-03-07 17:55:45,413 - Starting Apache Velocity v1.5 (compiled: 2007-02-22 08:52:29)
2018-03-07 17:55:45,413 - Starting Apache Velocity v1.5 (compiled: 2007-02-22 08:52:29)
2018-03-07 17:55:45,413 - Default Properties File: org\apache\velocity\runtime\defaults\velocity.properties
2018-03-07 17:55:45,413 - Default Properties File: org\apache\velocity\runtime\defaults\velocity.properties
2018-03-07 17:55:45,413 - Default Properties File: org\apache\velocity\runtime\defaults\velocity.properties
2018-03-07 17:55:45,413 - Default Properties File: org\apache\velocity\runtime\defaults\velocity.properties
2018-03-07 17:55:45,413 - Trying to use logger class org.apache.velocity.runtime.log.AvalonLogChute
2018-03-07 17:55:45,413 - Trying to use logger class org.apache.velocity.runtime.log.AvalonLogChute
2018-03-07 17:55:45,413 - Trying to use logger class org.apache.velocity.runtime.log.AvalonLogChute
2018-03-07 17:55:45,413 - Trying to use logger class org.apache.velocity.runtime.log.AvalonLogChute
2018-03-07 17:55:45,413 - Couldn't find class org.apache.velocity.runtime.log.AvalonLogChute or necessary supporting classes in classpath.
java.lang.NoClassDefFoundError: org/apache/log/format/Formatter
	at java.lang.Class.forName0(Native Method)
	at java.lang.Class.forName(Class.java:274)
	at org.apache.velocity.util.ClassUtils.getClass(ClassUtils.java:63)
	at org.apache.velocity.util.ClassUtils.getNewInstance(ClassUtils.java:95)
	at org.apache.velocity.runtime.log.LogManager.createLogChute(LogManager.java:147)
	at org.apache.velocity.runtime.log.LogManager.updateLog(LogManager.java:208)
	at org.apache.velocity.runtime.RuntimeInstance.initializeLog(RuntimeInstance.java:728)
	at org.apache.velocity.runtime.RuntimeInstance.init(RuntimeInstance.java:240)
	at org.apache.velocity.app.VelocityEngine.init(VelocityEngine.java:116)
	at org.mybatis.generator.maven.TextUtil.velocityMerge(TextUtil.java:96)
	at org.mybatis.generator.maven.MyBatisGeneratorMojo.gen(MyBatisGeneratorMojo.java:307)
	at org.mybatis.generator.maven.MyBatisGeneratorMojo.execute(MyBatisGeneratorMojo.java:243)
	at org.apache.maven.plugin.DefaultBuildPluginManager.executeMojo(DefaultBuildPluginManager.java:132)
	at org.apache.maven.lifecycle.internal.MojoExecutor.execute(MojoExecutor.java:208)
	at org.apache.maven.lifecycle.internal.MojoExecutor.execute(MojoExecutor.java:153)
	at org.apache.maven.lifecycle.internal.MojoExecutor.execute(MojoExecutor.java:145)
	at org.apache.maven.lifecycle.internal.LifecycleModuleBuilder.buildProject(LifecycleModuleBuilder.java:116)
	at org.apache.maven.lifecycle.internal.LifecycleModuleBuilder.buildProject(LifecycleModuleBuilder.java:80)
	at org.apache.maven.lifecycle.internal.builder.singlethreaded.SingleThreadedBuilder.build(SingleThreadedBuilder.java:51)
	at org.apache.maven.lifecycle.internal.LifecycleStarter.execute(LifecycleStarter.java:120)
	at org.apache.maven.DefaultMaven.doExecute(DefaultMaven.java:347)
	at org.apache.maven.DefaultMaven.execute(DefaultMaven.java:154)
	at org.apache.maven.cli.MavenCli.execute(MavenCli.java:584)
	at org.apache.maven.cli.MavenCli.doMain(MavenCli.java:213)
	at org.apache.maven.cli.MavenCli.main(MavenCli.java:157)
	at sun.reflect.NativeMethodAccessorImpl.invoke0(Native Method)
	at sun.reflect.NativeMethodAccessorImpl.invoke(NativeMethodAccessorImpl.java:57)
	at sun.reflect.DelegatingMethodAccessorImpl.invoke(DelegatingMethodAccessorImpl.java:43)
	at java.lang.reflect.Method.invoke(Method.java:606)
	at org.codehaus.plexus.classworlds.launcher.Launcher.launchEnhanced(Launcher.java:289)
	at org.codehaus.plexus.classworlds.launcher.Launcher.launch(Launcher.java:229)
	at org.codehaus.plexus.classworlds.launcher.Launcher.mainWithExitCode(Launcher.java:415)
	at org.codehaus.plexus.classworlds.launcher.Launcher.main(Launcher.java:356)
Caused by: java.lang.ClassNotFoundException: org.apache.log.format.Formatter
	at org.codehaus.plexus.classworlds.strategy.SelfFirstStrategy.loadClass(SelfFirstStrategy.java:50)
	at org.codehaus.plexus.classworlds.realm.ClassRealm.unsynchronizedLoadClass(ClassRealm.java:259)
	at org.codehaus.plexus.classworlds.realm.ClassRealm.loadClass(ClassRealm.java:235)
	at org.codehaus.plexus.classworlds.realm.ClassRealm.loadClass(ClassRealm.java:227)
	... 33 more
2018-03-07 17:55:45,413 - Couldn't find class org.apache.velocity.runtime.log.AvalonLogChute or necessary supporting classes in classpath.
java.lang.NoClassDefFoundError: org/apache/log/format/Formatter
	at java.lang.Class.forName0(Native Method)
	at java.lang.Class.forName(Class.java:274)
	at org.apache.velocity.util.ClassUtils.getClass(ClassUtils.java:63)
	at org.apache.velocity.util.ClassUtils.getNewInstance(ClassUtils.java:95)
	at org.apache.velocity.runtime.log.LogManager.createLogChute(LogManager.java:147)
	at org.apache.velocity.runtime.log.LogManager.updateLog(LogManager.java:208)
	at org.apache.velocity.runtime.RuntimeInstance.initializeLog(RuntimeInstance.java:728)
	at org.apache.velocity.runtime.RuntimeInstance.init(RuntimeInstance.java:240)
	at org.apache.velocity.app.VelocityEngine.init(VelocityEngine.java:116)
	at org.mybatis.generator.maven.TextUtil.velocityMerge(TextUtil.java:96)
	at org.mybatis.generator.maven.MyBatisGeneratorMojo.gen(MyBatisGeneratorMojo.java:307)
	at org.mybatis.generator.maven.MyBatisGeneratorMojo.execute(MyBatisGeneratorMojo.java:243)
	at org.apache.maven.plugin.DefaultBuildPluginManager.executeMojo(DefaultBuildPluginManager.java:132)
	at org.apache.maven.lifecycle.internal.MojoExecutor.execute(MojoExecutor.java:208)
	at org.apache.maven.lifecycle.internal.MojoExecutor.execute(MojoExecutor.java:153)
	at org.apache.maven.lifecycle.internal.MojoExecutor.execute(MojoExecutor.java:145)
	at org.apache.maven.lifecycle.internal.LifecycleModuleBuilder.buildProject(LifecycleModuleBuilder.java:116)
	at org.apache.maven.lifecycle.internal.LifecycleModuleBuilder.buildProject(LifecycleModuleBuilder.java:80)
	at org.apache.maven.lifecycle.internal.builder.singlethreaded.SingleThreadedBuilder.build(SingleThreadedBuilder.java:51)
	at org.apache.maven.lifecycle.internal.LifecycleStarter.execute(LifecycleStarter.java:120)
	at org.apache.maven.DefaultMaven.doExecute(DefaultMaven.java:347)
	at org.apache.maven.DefaultMaven.execute(DefaultMaven.java:154)
	at org.apache.maven.cli.MavenCli.execute(MavenCli.java:584)
	at org.apache.maven.cli.MavenCli.doMain(MavenCli.java:213)
	at org.apache.maven.cli.MavenCli.main(MavenCli.java:157)
	at sun.reflect.NativeMethodAccessorImpl.invoke0(Native Method)
	at sun.reflect.NativeMethodAccessorImpl.invoke(NativeMethodAccessorImpl.java:57)
	at sun.reflect.DelegatingMethodAccessorImpl.invoke(DelegatingMethodAccessorImpl.java:43)
	at java.lang.reflect.Method.invoke(Method.java:606)
	at org.codehaus.plexus.classworlds.launcher.Launcher.launchEnhanced(Launcher.java:289)
	at org.codehaus.plexus.classworlds.launcher.Launcher.launch(Launcher.java:229)
	at org.codehaus.plexus.classworlds.launcher.Launcher.mainWithExitCode(Launcher.java:415)
	at org.codehaus.plexus.classworlds.launcher.Launcher.main(Launcher.java:356)
Caused by: java.lang.ClassNotFoundException: org.apache.log.format.Formatter
	at org.codehaus.plexus.classworlds.strategy.SelfFirstStrategy.loadClass(SelfFirstStrategy.java:50)
	at org.codehaus.plexus.classworlds.realm.ClassRealm.unsynchronizedLoadClass(ClassRealm.java:259)
	at org.codehaus.plexus.classworlds.realm.ClassRealm.loadClass(ClassRealm.java:235)
	at org.codehaus.plexus.classworlds.realm.ClassRealm.loadClass(ClassRealm.java:227)
	... 33 more
2018-03-07 17:55:45,413 - Couldn't find class org.apache.velocity.runtime.log.AvalonLogChute or necessary supporting classes in classpath.
java.lang.NoClassDefFoundError: org/apache/log/format/Formatter
	at java.lang.Class.forName0(Native Method)
	at java.lang.Class.forName(Class.java:274)
	at org.apache.velocity.util.ClassUtils.getClass(ClassUtils.java:63)
	at org.apache.velocity.util.ClassUtils.getNewInstance(ClassUtils.java:95)
	at org.apache.velocity.runtime.log.LogManager.createLogChute(LogManager.java:147)
	at org.apache.velocity.runtime.log.LogManager.updateLog(LogManager.java:208)
	at org.apache.velocity.runtime.RuntimeInstance.initializeLog(RuntimeInstance.java:728)
	at org.apache.velocity.runtime.RuntimeInstance.init(RuntimeInstance.java:240)
	at org.apache.velocity.app.VelocityEngine.init(VelocityEngine.java:116)
	at org.mybatis.generator.maven.TextUtil.velocityMerge(TextUtil.java:96)
	at org.mybatis.generator.maven.MyBatisGeneratorMojo.gen(MyBatisGeneratorMojo.java:307)
	at org.mybatis.generator.maven.MyBatisGeneratorMojo.execute(MyBatisGeneratorMojo.java:243)
	at org.apache.maven.plugin.DefaultBuildPluginManager.executeMojo(DefaultBuildPluginManager.java:132)
	at org.apache.maven.lifecycle.internal.MojoExecutor.execute(MojoExecutor.java:208)
	at org.apache.maven.lifecycle.internal.MojoExecutor.execute(MojoExecutor.java:153)
	at org.apache.maven.lifecycle.internal.MojoExecutor.execute(MojoExecutor.java:145)
	at org.apache.maven.lifecycle.internal.LifecycleModuleBuilder.buildProject(LifecycleModuleBuilder.java:116)
	at org.apache.maven.lifecycle.internal.LifecycleModuleBuilder.buildProject(LifecycleModuleBuilder.java:80)
	at org.apache.maven.lifecycle.internal.builder.singlethreaded.SingleThreadedBuilder.build(SingleThreadedBuilder.java:51)
	at org.apache.maven.lifecycle.internal.LifecycleStarter.execute(LifecycleStarter.java:120)
	at org.apache.maven.DefaultMaven.doExecute(DefaultMaven.java:347)
	at org.apache.maven.DefaultMaven.execute(DefaultMaven.java:154)
	at org.apache.maven.cli.MavenCli.execute(MavenCli.java:584)
	at org.apache.maven.cli.MavenCli.doMain(MavenCli.java:213)
	at org.apache.maven.cli.MavenCli.main(MavenCli.java:157)
	at sun.reflect.NativeMethodAccessorImpl.invoke0(Native Method)
	at sun.reflect.NativeMethodAccessorImpl.invoke(NativeMethodAccessorImpl.java:57)
	at sun.reflect.DelegatingMethodAccessorImpl.invoke(DelegatingMethodAccessorImpl.java:43)
	at java.lang.reflect.Method.invoke(Method.java:606)
	at org.codehaus.plexus.classworlds.launcher.Launcher.launchEnhanced(Launcher.java:289)
	at org.codehaus.plexus.classworlds.launcher.Launcher.launch(Launcher.java:229)
	at org.codehaus.plexus.classworlds.launcher.Launcher.mainWithExitCode(Launcher.java:415)
	at org.codehaus.plexus.classworlds.launcher.Launcher.main(Launcher.java:356)
Caused by: java.lang.ClassNotFoundException: org.apache.log.format.Formatter
	at org.codehaus.plexus.classworlds.strategy.SelfFirstStrategy.loadClass(SelfFirstStrategy.java:50)
	at org.codehaus.plexus.classworlds.realm.ClassRealm.unsynchronizedLoadClass(ClassRealm.java:259)
	at org.codehaus.plexus.classworlds.realm.ClassRealm.loadClass(ClassRealm.java:235)
	at org.codehaus.plexus.classworlds.realm.ClassRealm.loadClass(ClassRealm.java:227)
	... 33 more
2018-03-07 17:55:45,413 - Couldn't find class org.apache.velocity.runtime.log.AvalonLogChute or necessary supporting classes in classpath.
java.lang.NoClassDefFoundError: org/apache/log/format/Formatter
	at java.lang.Class.forName0(Native Method)
	at java.lang.Class.forName(Class.java:274)
	at org.apache.velocity.util.ClassUtils.getClass(ClassUtils.java:63)
	at org.apache.velocity.util.ClassUtils.getNewInstance(ClassUtils.java:95)
	at org.apache.velocity.runtime.log.LogManager.createLogChute(LogManager.java:147)
	at org.apache.velocity.runtime.log.LogManager.updateLog(LogManager.java:208)
	at org.apache.velocity.runtime.RuntimeInstance.initializeLog(RuntimeInstance.java:728)
	at org.apache.velocity.runtime.RuntimeInstance.init(RuntimeInstance.java:240)
	at org.apache.velocity.app.VelocityEngine.init(VelocityEngine.java:116)
	at org.mybatis.generator.maven.TextUtil.velocityMerge(TextUtil.java:96)
	at org.mybatis.generator.maven.MyBatisGeneratorMojo.gen(MyBatisGeneratorMojo.java:307)
	at org.mybatis.generator.maven.MyBatisGeneratorMojo.execute(MyBatisGeneratorMojo.java:243)
	at org.apache.maven.plugin.DefaultBuildPluginManager.executeMojo(DefaultBuildPluginManager.java:132)
	at org.apache.maven.lifecycle.internal.MojoExecutor.execute(MojoExecutor.java:208)
	at org.apache.maven.lifecycle.internal.MojoExecutor.execute(MojoExecutor.java:153)
	at org.apache.maven.lifecycle.internal.MojoExecutor.execute(MojoExecutor.java:145)
	at org.apache.maven.lifecycle.internal.LifecycleModuleBuilder.buildProject(LifecycleModuleBuilder.java:116)
	at org.apache.maven.lifecycle.internal.LifecycleModuleBuilder.buildProject(LifecycleModuleBuilder.java:80)
	at org.apache.maven.lifecycle.internal.builder.singlethreaded.SingleThreadedBuilder.build(SingleThreadedBuilder.java:51)
	at org.apache.maven.lifecycle.internal.LifecycleStarter.execute(LifecycleStarter.java:120)
	at org.apache.maven.DefaultMaven.doExecute(DefaultMaven.java:347)
	at org.apache.maven.DefaultMaven.execute(DefaultMaven.java:154)
	at org.apache.maven.cli.MavenCli.execute(MavenCli.java:584)
	at org.apache.maven.cli.MavenCli.doMain(MavenCli.java:213)
	at org.apache.maven.cli.MavenCli.main(MavenCli.java:157)
	at sun.reflect.NativeMethodAccessorImpl.invoke0(Native Method)
	at sun.reflect.NativeMethodAccessorImpl.invoke(NativeMethodAccessorImpl.java:57)
	at sun.reflect.DelegatingMethodAccessorImpl.invoke(DelegatingMethodAccessorImpl.java:43)
	at java.lang.reflect.Method.invoke(Method.java:606)
	at org.codehaus.plexus.classworlds.launcher.Launcher.launchEnhanced(Launcher.java:289)
	at org.codehaus.plexus.classworlds.launcher.Launcher.launch(Launcher.java:229)
	at org.codehaus.plexus.classworlds.launcher.Launcher.mainWithExitCode(Launcher.java:415)
	at org.codehaus.plexus.classworlds.launcher.Launcher.main(Launcher.java:356)
Caused by: java.lang.ClassNotFoundException: org.apache.log.format.Formatter
	at org.codehaus.plexus.classworlds.strategy.SelfFirstStrategy.loadClass(SelfFirstStrategy.java:50)
	at org.codehaus.plexus.classworlds.realm.ClassRealm.unsynchronizedLoadClass(ClassRealm.java:259)
	at org.codehaus.plexus.classworlds.realm.ClassRealm.loadClass(ClassRealm.java:235)
	at org.codehaus.plexus.classworlds.realm.ClassRealm.loadClass(ClassRealm.java:227)
	... 33 more
2018-03-07 17:55:45,414 - Trying to use logger class org.apache.velocity.runtime.log.Log4JLogChute
2018-03-07 17:55:45,414 - Trying to use logger class org.apache.velocity.runtime.log.Log4JLogChute
2018-03-07 17:55:45,414 - Trying to use logger class org.apache.velocity.runtime.log.Log4JLogChute
2018-03-07 17:55:45,414 - Trying to use logger class org.apache.velocity.runtime.log.Log4JLogChute
2018-03-07 17:55:45,414 - Using logger class org.apache.velocity.runtime.log.Log4JLogChute
2018-03-07 17:55:45,414 - Using logger class org.apache.velocity.runtime.log.Log4JLogChute
2018-03-07 17:55:45,414 - Using logger class org.apache.velocity.runtime.log.Log4JLogChute
2018-03-07 17:55:45,414 - Using logger class org.apache.velocity.runtime.log.Log4JLogChute
2018-03-07 17:55:45,414 - Default ResourceManager initializing. (class org.apache.velocity.runtime.resource.ResourceManagerImpl)
2018-03-07 17:55:45,414 - Default ResourceManager initializing. (class org.apache.velocity.runtime.resource.ResourceManagerImpl)
2018-03-07 17:55:45,414 - Default ResourceManager initializing. (class org.apache.velocity.runtime.resource.ResourceManagerImpl)
2018-03-07 17:55:45,414 - Default ResourceManager initializing. (class org.apache.velocity.runtime.resource.ResourceManagerImpl)
2018-03-07 17:55:45,414 - ResourceLoader instantiated: org.apache.velocity.runtime.resource.loader.ClasspathResourceLoader
2018-03-07 17:55:45,414 - ResourceLoader instantiated: org.apache.velocity.runtime.resource.loader.ClasspathResourceLoader
2018-03-07 17:55:45,414 - ResourceLoader instantiated: org.apache.velocity.runtime.resource.loader.ClasspathResourceLoader
2018-03-07 17:55:45,414 - ResourceLoader instantiated: org.apache.velocity.runtime.resource.loader.ClasspathResourceLoader
2018-03-07 17:55:45,414 - ResourceCache: initialized (class org.apache.velocity.runtime.resource.ResourceCacheImpl)
2018-03-07 17:55:45,414 - ResourceCache: initialized (class org.apache.velocity.runtime.resource.ResourceCacheImpl)
2018-03-07 17:55:45,414 - ResourceCache: initialized (class org.apache.velocity.runtime.resource.ResourceCacheImpl)
2018-03-07 17:55:45,414 - ResourceCache: initialized (class org.apache.velocity.runtime.resource.ResourceCacheImpl)
2018-03-07 17:55:45,414 - Loaded System Directive: org.apache.velocity.runtime.directive.Literal
2018-03-07 17:55:45,414 - Loaded System Directive: org.apache.velocity.runtime.directive.Literal
2018-03-07 17:55:45,414 - Loaded System Directive: org.apache.velocity.runtime.directive.Literal
2018-03-07 17:55:45,414 - Loaded System Directive: org.apache.velocity.runtime.directive.Literal
2018-03-07 17:55:45,415 - Loaded System Directive: org.apache.velocity.runtime.directive.Macro
2018-03-07 17:55:45,415 - Loaded System Directive: org.apache.velocity.runtime.directive.Macro
2018-03-07 17:55:45,415 - Loaded System Directive: org.apache.velocity.runtime.directive.Macro
2018-03-07 17:55:45,415 - Loaded System Directive: org.apache.velocity.runtime.directive.Macro
2018-03-07 17:55:45,415 - Loaded System Directive: org.apache.velocity.runtime.directive.Parse
2018-03-07 17:55:45,415 - Loaded System Directive: org.apache.velocity.runtime.directive.Parse
2018-03-07 17:55:45,415 - Loaded System Directive: org.apache.velocity.runtime.directive.Parse
2018-03-07 17:55:45,415 - Loaded System Directive: org.apache.velocity.runtime.directive.Parse
2018-03-07 17:55:45,415 - Loaded System Directive: org.apache.velocity.runtime.directive.Include
2018-03-07 17:55:45,415 - Loaded System Directive: org.apache.velocity.runtime.directive.Include
2018-03-07 17:55:45,415 - Loaded System Directive: org.apache.velocity.runtime.directive.Include
2018-03-07 17:55:45,415 - Loaded System Directive: org.apache.velocity.runtime.directive.Include
2018-03-07 17:55:45,415 - Loaded System Directive: org.apache.velocity.runtime.directive.Foreach
2018-03-07 17:55:45,415 - Loaded System Directive: org.apache.velocity.runtime.directive.Foreach
2018-03-07 17:55:45,415 - Loaded System Directive: org.apache.velocity.runtime.directive.Foreach
2018-03-07 17:55:45,415 - Loaded System Directive: org.apache.velocity.runtime.directive.Foreach
2018-03-07 17:55:45,415 - Created '20' parsers.
2018-03-07 17:55:45,415 - Created '20' parsers.
2018-03-07 17:55:45,415 - Created '20' parsers.
2018-03-07 17:55:45,415 - Created '20' parsers.
2018-03-07 17:55:45,416 - Velocimacro : "velocimacro.library" is not set.  Trying default library: VM_global_library.vm
2018-03-07 17:55:45,416 - Velocimacro : "velocimacro.library" is not set.  Trying default library: VM_global_library.vm
2018-03-07 17:55:45,416 - Velocimacro : "velocimacro.library" is not set.  Trying default library: VM_global_library.vm
2018-03-07 17:55:45,416 - Velocimacro : "velocimacro.library" is not set.  Trying default library: VM_global_library.vm
2018-03-07 17:55:45,416 - Velocimacro : Default library not found.
2018-03-07 17:55:45,416 - Velocimacro : Default library not found.
2018-03-07 17:55:45,416 - Velocimacro : Default library not found.
2018-03-07 17:55:45,416 - Velocimacro : Default library not found.
2018-03-07 17:55:45,416 - Velocimacro : allowInline = true : VMs can be defined inline in templates
2018-03-07 17:55:45,416 - Velocimacro : allowInline = true : VMs can be defined inline in templates
2018-03-07 17:55:45,416 - Velocimacro : allowInline = true : VMs can be defined inline in templates
2018-03-07 17:55:45,416 - Velocimacro : allowInline = true : VMs can be defined inline in templates
2018-03-07 17:55:45,416 - Velocimacro : allowInlineToOverride = false : VMs defined inline may NOT replace previous VM definitions
2018-03-07 17:55:45,416 - Velocimacro : allowInlineToOverride = false : VMs defined inline may NOT replace previous VM definitions
2018-03-07 17:55:45,416 - Velocimacro : allowInlineToOverride = false : VMs defined inline may NOT replace previous VM definitions
2018-03-07 17:55:45,416 - Velocimacro : allowInlineToOverride = false : VMs defined inline may NOT replace previous VM definitions
2018-03-07 17:55:45,416 - Velocimacro : allowInlineLocal = false : VMs defined inline will be global in scope if allowed.
2018-03-07 17:55:45,416 - Velocimacro : allowInlineLocal = false : VMs defined inline will be global in scope if allowed.
2018-03-07 17:55:45,416 - Velocimacro : allowInlineLocal = false : VMs defined inline will be global in scope if allowed.
2018-03-07 17:55:45,416 - Velocimacro : allowInlineLocal = false : VMs defined inline will be global in scope if allowed.
2018-03-07 17:55:45,416 - Velocimacro : autoload off : VM system will not automatically reload global library macros
2018-03-07 17:55:45,416 - Velocimacro : autoload off : VM system will not automatically reload global library macros
2018-03-07 17:55:45,416 - Velocimacro : autoload off : VM system will not automatically reload global library macros
2018-03-07 17:55:45,416 - Velocimacro : autoload off : VM system will not automatically reload global library macros
2018-03-07 17:55:45,417 - ResourceManager : found code_template_new/DictService.java.vm with loader org.apache.velocity.runtime.resource.loader.ClasspathResourceLoader
2018-03-07 17:55:45,417 - ResourceManager : found code_template_new/DictService.java.vm with loader org.apache.velocity.runtime.resource.loader.ClasspathResourceLoader
2018-03-07 17:55:45,417 - ResourceManager : found code_template_new/DictService.java.vm with loader org.apache.velocity.runtime.resource.loader.ClasspathResourceLoader
2018-03-07 17:55:45,417 - ResourceManager : found code_template_new/DictService.java.vm with loader org.apache.velocity.runtime.resource.loader.ClasspathResourceLoader
2018-03-07 17:55:45,419 - Log4JLogChute initialized using file 'velocity.log'
2018-03-07 17:55:45,419 - Log4JLogChute initialized using file 'velocity.log'
2018-03-07 17:55:45,419 - Log4JLogChute initialized using file 'velocity.log'
2018-03-07 17:55:45,419 - Log4JLogChute initialized using file 'velocity.log'
2018-03-07 17:55:45,419 - Log4JLogChute initialized using file 'velocity.log'
2018-03-07 17:55:45,419 - Starting Apache Velocity v1.5 (compiled: 2007-02-22 08:52:29)
2018-03-07 17:55:45,419 - Starting Apache Velocity v1.5 (compiled: 2007-02-22 08:52:29)
2018-03-07 17:55:45,419 - Starting Apache Velocity v1.5 (compiled: 2007-02-22 08:52:29)
2018-03-07 17:55:45,419 - Starting Apache Velocity v1.5 (compiled: 2007-02-22 08:52:29)
2018-03-07 17:55:45,419 - Starting Apache Velocity v1.5 (compiled: 2007-02-22 08:52:29)
2018-03-07 17:55:45,419 - Default Properties File: org\apache\velocity\runtime\defaults\velocity.properties
2018-03-07 17:55:45,419 - Default Properties File: org\apache\velocity\runtime\defaults\velocity.properties
2018-03-07 17:55:45,419 - Default Properties File: org\apache\velocity\runtime\defaults\velocity.properties
2018-03-07 17:55:45,419 - Default Properties File: org\apache\velocity\runtime\defaults\velocity.properties
2018-03-07 17:55:45,419 - Default Properties File: org\apache\velocity\runtime\defaults\velocity.properties
2018-03-07 17:55:45,419 - Trying to use logger class org.apache.velocity.runtime.log.AvalonLogChute
2018-03-07 17:55:45,419 - Trying to use logger class org.apache.velocity.runtime.log.AvalonLogChute
2018-03-07 17:55:45,419 - Trying to use logger class org.apache.velocity.runtime.log.AvalonLogChute
2018-03-07 17:55:45,419 - Trying to use logger class org.apache.velocity.runtime.log.AvalonLogChute
2018-03-07 17:55:45,419 - Trying to use logger class org.apache.velocity.runtime.log.AvalonLogChute
2018-03-07 17:55:45,420 - Couldn't find class org.apache.velocity.runtime.log.AvalonLogChute or necessary supporting classes in classpath.
java.lang.NoClassDefFoundError: org/apache/log/format/Formatter
	at java.lang.Class.forName0(Native Method)
	at java.lang.Class.forName(Class.java:274)
	at org.apache.velocity.util.ClassUtils.getClass(ClassUtils.java:63)
	at org.apache.velocity.util.ClassUtils.getNewInstance(ClassUtils.java:95)
	at org.apache.velocity.runtime.log.LogManager.createLogChute(LogManager.java:147)
	at org.apache.velocity.runtime.log.LogManager.updateLog(LogManager.java:208)
	at org.apache.velocity.runtime.RuntimeInstance.initializeLog(RuntimeInstance.java:728)
	at org.apache.velocity.runtime.RuntimeInstance.init(RuntimeInstance.java:240)
	at org.apache.velocity.app.VelocityEngine.init(VelocityEngine.java:116)
	at org.mybatis.generator.maven.TextUtil.velocityMerge(TextUtil.java:96)
	at org.mybatis.generator.maven.MyBatisGeneratorMojo.gen(MyBatisGeneratorMojo.java:307)
	at org.mybatis.generator.maven.MyBatisGeneratorMojo.execute(MyBatisGeneratorMojo.java:246)
	at org.apache.maven.plugin.DefaultBuildPluginManager.executeMojo(DefaultBuildPluginManager.java:132)
	at org.apache.maven.lifecycle.internal.MojoExecutor.execute(MojoExecutor.java:208)
	at org.apache.maven.lifecycle.internal.MojoExecutor.execute(MojoExecutor.java:153)
	at org.apache.maven.lifecycle.internal.MojoExecutor.execute(MojoExecutor.java:145)
	at org.apache.maven.lifecycle.internal.LifecycleModuleBuilder.buildProject(LifecycleModuleBuilder.java:116)
	at org.apache.maven.lifecycle.internal.LifecycleModuleBuilder.buildProject(LifecycleModuleBuilder.java:80)
	at org.apache.maven.lifecycle.internal.builder.singlethreaded.SingleThreadedBuilder.build(SingleThreadedBuilder.java:51)
	at org.apache.maven.lifecycle.internal.LifecycleStarter.execute(LifecycleStarter.java:120)
	at org.apache.maven.DefaultMaven.doExecute(DefaultMaven.java:347)
	at org.apache.maven.DefaultMaven.execute(DefaultMaven.java:154)
	at org.apache.maven.cli.MavenCli.execute(MavenCli.java:584)
	at org.apache.maven.cli.MavenCli.doMain(MavenCli.java:213)
	at org.apache.maven.cli.MavenCli.main(MavenCli.java:157)
	at sun.reflect.NativeMethodAccessorImpl.invoke0(Native Method)
	at sun.reflect.NativeMethodAccessorImpl.invoke(NativeMethodAccessorImpl.java:57)
	at sun.reflect.DelegatingMethodAccessorImpl.invoke(DelegatingMethodAccessorImpl.java:43)
	at java.lang.reflect.Method.invoke(Method.java:606)
	at org.codehaus.plexus.classworlds.launcher.Launcher.launchEnhanced(Launcher.java:289)
	at org.codehaus.plexus.classworlds.launcher.Launcher.launch(Launcher.java:229)
	at org.codehaus.plexus.classworlds.launcher.Launcher.mainWithExitCode(Launcher.java:415)
	at org.codehaus.plexus.classworlds.launcher.Launcher.main(Launcher.java:356)
Caused by: java.lang.ClassNotFoundException: org.apache.log.format.Formatter
	at org.codehaus.plexus.classworlds.strategy.SelfFirstStrategy.loadClass(SelfFirstStrategy.java:50)
	at org.codehaus.plexus.classworlds.realm.ClassRealm.unsynchronizedLoadClass(ClassRealm.java:259)
	at org.codehaus.plexus.classworlds.realm.ClassRealm.loadClass(ClassRealm.java:235)
	at org.codehaus.plexus.classworlds.realm.ClassRealm.loadClass(ClassRealm.java:227)
	... 33 more
2018-03-07 17:55:45,420 - Couldn't find class org.apache.velocity.runtime.log.AvalonLogChute or necessary supporting classes in classpath.
java.lang.NoClassDefFoundError: org/apache/log/format/Formatter
	at java.lang.Class.forName0(Native Method)
	at java.lang.Class.forName(Class.java:274)
	at org.apache.velocity.util.ClassUtils.getClass(ClassUtils.java:63)
	at org.apache.velocity.util.ClassUtils.getNewInstance(ClassUtils.java:95)
	at org.apache.velocity.runtime.log.LogManager.createLogChute(LogManager.java:147)
	at org.apache.velocity.runtime.log.LogManager.updateLog(LogManager.java:208)
	at org.apache.velocity.runtime.RuntimeInstance.initializeLog(RuntimeInstance.java:728)
	at org.apache.velocity.runtime.RuntimeInstance.init(RuntimeInstance.java:240)
	at org.apache.velocity.app.VelocityEngine.init(VelocityEngine.java:116)
	at org.mybatis.generator.maven.TextUtil.velocityMerge(TextUtil.java:96)
	at org.mybatis.generator.maven.MyBatisGeneratorMojo.gen(MyBatisGeneratorMojo.java:307)
	at org.mybatis.generator.maven.MyBatisGeneratorMojo.execute(MyBatisGeneratorMojo.java:246)
	at org.apache.maven.plugin.DefaultBuildPluginManager.executeMojo(DefaultBuildPluginManager.java:132)
	at org.apache.maven.lifecycle.internal.MojoExecutor.execute(MojoExecutor.java:208)
	at org.apache.maven.lifecycle.internal.MojoExecutor.execute(MojoExecutor.java:153)
	at org.apache.maven.lifecycle.internal.MojoExecutor.execute(MojoExecutor.java:145)
	at org.apache.maven.lifecycle.internal.LifecycleModuleBuilder.buildProject(LifecycleModuleBuilder.java:116)
	at org.apache.maven.lifecycle.internal.LifecycleModuleBuilder.buildProject(LifecycleModuleBuilder.java:80)
	at org.apache.maven.lifecycle.internal.builder.singlethreaded.SingleThreadedBuilder.build(SingleThreadedBuilder.java:51)
	at org.apache.maven.lifecycle.internal.LifecycleStarter.execute(LifecycleStarter.java:120)
	at org.apache.maven.DefaultMaven.doExecute(DefaultMaven.java:347)
	at org.apache.maven.DefaultMaven.execute(DefaultMaven.java:154)
	at org.apache.maven.cli.MavenCli.execute(MavenCli.java:584)
	at org.apache.maven.cli.MavenCli.doMain(MavenCli.java:213)
	at org.apache.maven.cli.MavenCli.main(MavenCli.java:157)
	at sun.reflect.NativeMethodAccessorImpl.invoke0(Native Method)
	at sun.reflect.NativeMethodAccessorImpl.invoke(NativeMethodAccessorImpl.java:57)
	at sun.reflect.DelegatingMethodAccessorImpl.invoke(DelegatingMethodAccessorImpl.java:43)
	at java.lang.reflect.Method.invoke(Method.java:606)
	at org.codehaus.plexus.classworlds.launcher.Launcher.launchEnhanced(Launcher.java:289)
	at org.codehaus.plexus.classworlds.launcher.Launcher.launch(Launcher.java:229)
	at org.codehaus.plexus.classworlds.launcher.Launcher.mainWithExitCode(Launcher.java:415)
	at org.codehaus.plexus.classworlds.launcher.Launcher.main(Launcher.java:356)
Caused by: java.lang.ClassNotFoundException: org.apache.log.format.Formatter
	at org.codehaus.plexus.classworlds.strategy.SelfFirstStrategy.loadClass(SelfFirstStrategy.java:50)
	at org.codehaus.plexus.classworlds.realm.ClassRealm.unsynchronizedLoadClass(ClassRealm.java:259)
	at org.codehaus.plexus.classworlds.realm.ClassRealm.loadClass(ClassRealm.java:235)
	at org.codehaus.plexus.classworlds.realm.ClassRealm.loadClass(ClassRealm.java:227)
	... 33 more
2018-03-07 17:55:45,420 - Couldn't find class org.apache.velocity.runtime.log.AvalonLogChute or necessary supporting classes in classpath.
java.lang.NoClassDefFoundError: org/apache/log/format/Formatter
	at java.lang.Class.forName0(Native Method)
	at java.lang.Class.forName(Class.java:274)
	at org.apache.velocity.util.ClassUtils.getClass(ClassUtils.java:63)
	at org.apache.velocity.util.ClassUtils.getNewInstance(ClassUtils.java:95)
	at org.apache.velocity.runtime.log.LogManager.createLogChute(LogManager.java:147)
	at org.apache.velocity.runtime.log.LogManager.updateLog(LogManager.java:208)
	at org.apache.velocity.runtime.RuntimeInstance.initializeLog(RuntimeInstance.java:728)
	at org.apache.velocity.runtime.RuntimeInstance.init(RuntimeInstance.java:240)
	at org.apache.velocity.app.VelocityEngine.init(VelocityEngine.java:116)
	at org.mybatis.generator.maven.TextUtil.velocityMerge(TextUtil.java:96)
	at org.mybatis.generator.maven.MyBatisGeneratorMojo.gen(MyBatisGeneratorMojo.java:307)
	at org.mybatis.generator.maven.MyBatisGeneratorMojo.execute(MyBatisGeneratorMojo.java:246)
	at org.apache.maven.plugin.DefaultBuildPluginManager.executeMojo(DefaultBuildPluginManager.java:132)
	at org.apache.maven.lifecycle.internal.MojoExecutor.execute(MojoExecutor.java:208)
	at org.apache.maven.lifecycle.internal.MojoExecutor.execute(MojoExecutor.java:153)
	at org.apache.maven.lifecycle.internal.MojoExecutor.execute(MojoExecutor.java:145)
	at org.apache.maven.lifecycle.internal.LifecycleModuleBuilder.buildProject(LifecycleModuleBuilder.java:116)
	at org.apache.maven.lifecycle.internal.LifecycleModuleBuilder.buildProject(LifecycleModuleBuilder.java:80)
	at org.apache.maven.lifecycle.internal.builder.singlethreaded.SingleThreadedBuilder.build(SingleThreadedBuilder.java:51)
	at org.apache.maven.lifecycle.internal.LifecycleStarter.execute(LifecycleStarter.java:120)
	at org.apache.maven.DefaultMaven.doExecute(DefaultMaven.java:347)
	at org.apache.maven.DefaultMaven.execute(DefaultMaven.java:154)
	at org.apache.maven.cli.MavenCli.execute(MavenCli.java:584)
	at org.apache.maven.cli.MavenCli.doMain(MavenCli.java:213)
	at org.apache.maven.cli.MavenCli.main(MavenCli.java:157)
	at sun.reflect.NativeMethodAccessorImpl.invoke0(Native Method)
	at sun.reflect.NativeMethodAccessorImpl.invoke(NativeMethodAccessorImpl.java:57)
	at sun.reflect.DelegatingMethodAccessorImpl.invoke(DelegatingMethodAccessorImpl.java:43)
	at java.lang.reflect.Method.invoke(Method.java:606)
	at org.codehaus.plexus.classworlds.launcher.Launcher.launchEnhanced(Launcher.java:289)
	at org.codehaus.plexus.classworlds.launcher.Launcher.launch(Launcher.java:229)
	at org.codehaus.plexus.classworlds.launcher.Launcher.mainWithExitCode(Launcher.java:415)
	at org.codehaus.plexus.classworlds.launcher.Launcher.main(Launcher.java:356)
Caused by: java.lang.ClassNotFoundException: org.apache.log.format.Formatter
	at org.codehaus.plexus.classworlds.strategy.SelfFirstStrategy.loadClass(SelfFirstStrategy.java:50)
	at org.codehaus.plexus.classworlds.realm.ClassRealm.unsynchronizedLoadClass(ClassRealm.java:259)
	at org.codehaus.plexus.classworlds.realm.ClassRealm.loadClass(ClassRealm.java:235)
	at org.codehaus.plexus.classworlds.realm.ClassRealm.loadClass(ClassRealm.java:227)
	... 33 more
2018-03-07 17:55:45,420 - Couldn't find class org.apache.velocity.runtime.log.AvalonLogChute or necessary supporting classes in classpath.
java.lang.NoClassDefFoundError: org/apache/log/format/Formatter
	at java.lang.Class.forName0(Native Method)
	at java.lang.Class.forName(Class.java:274)
	at org.apache.velocity.util.ClassUtils.getClass(ClassUtils.java:63)
	at org.apache.velocity.util.ClassUtils.getNewInstance(ClassUtils.java:95)
	at org.apache.velocity.runtime.log.LogManager.createLogChute(LogManager.java:147)
	at org.apache.velocity.runtime.log.LogManager.updateLog(LogManager.java:208)
	at org.apache.velocity.runtime.RuntimeInstance.initializeLog(RuntimeInstance.java:728)
	at org.apache.velocity.runtime.RuntimeInstance.init(RuntimeInstance.java:240)
	at org.apache.velocity.app.VelocityEngine.init(VelocityEngine.java:116)
	at org.mybatis.generator.maven.TextUtil.velocityMerge(TextUtil.java:96)
	at org.mybatis.generator.maven.MyBatisGeneratorMojo.gen(MyBatisGeneratorMojo.java:307)
	at org.mybatis.generator.maven.MyBatisGeneratorMojo.execute(MyBatisGeneratorMojo.java:246)
	at org.apache.maven.plugin.DefaultBuildPluginManager.executeMojo(DefaultBuildPluginManager.java:132)
	at org.apache.maven.lifecycle.internal.MojoExecutor.execute(MojoExecutor.java:208)
	at org.apache.maven.lifecycle.internal.MojoExecutor.execute(MojoExecutor.java:153)
	at org.apache.maven.lifecycle.internal.MojoExecutor.execute(MojoExecutor.java:145)
	at org.apache.maven.lifecycle.internal.LifecycleModuleBuilder.buildProject(LifecycleModuleBuilder.java:116)
	at org.apache.maven.lifecycle.internal.LifecycleModuleBuilder.buildProject(LifecycleModuleBuilder.java:80)
	at org.apache.maven.lifecycle.internal.builder.singlethreaded.SingleThreadedBuilder.build(SingleThreadedBuilder.java:51)
	at org.apache.maven.lifecycle.internal.LifecycleStarter.execute(LifecycleStarter.java:120)
	at org.apache.maven.DefaultMaven.doExecute(DefaultMaven.java:347)
	at org.apache.maven.DefaultMaven.execute(DefaultMaven.java:154)
	at org.apache.maven.cli.MavenCli.execute(MavenCli.java:584)
	at org.apache.maven.cli.MavenCli.doMain(MavenCli.java:213)
	at org.apache.maven.cli.MavenCli.main(MavenCli.java:157)
	at sun.reflect.NativeMethodAccessorImpl.invoke0(Native Method)
	at sun.reflect.NativeMethodAccessorImpl.invoke(NativeMethodAccessorImpl.java:57)
	at sun.reflect.DelegatingMethodAccessorImpl.invoke(DelegatingMethodAccessorImpl.java:43)
	at java.lang.reflect.Method.invoke(Method.java:606)
	at org.codehaus.plexus.classworlds.launcher.Launcher.launchEnhanced(Launcher.java:289)
	at org.codehaus.plexus.classworlds.launcher.Launcher.launch(Launcher.java:229)
	at org.codehaus.plexus.classworlds.launcher.Launcher.mainWithExitCode(Launcher.java:415)
	at org.codehaus.plexus.classworlds.launcher.Launcher.main(Launcher.java:356)
Caused by: java.lang.ClassNotFoundException: org.apache.log.format.Formatter
	at org.codehaus.plexus.classworlds.strategy.SelfFirstStrategy.loadClass(SelfFirstStrategy.java:50)
	at org.codehaus.plexus.classworlds.realm.ClassRealm.unsynchronizedLoadClass(ClassRealm.java:259)
	at org.codehaus.plexus.classworlds.realm.ClassRealm.loadClass(ClassRealm.java:235)
	at org.codehaus.plexus.classworlds.realm.ClassRealm.loadClass(ClassRealm.java:227)
	... 33 more
2018-03-07 17:55:45,420 - Couldn't find class org.apache.velocity.runtime.log.AvalonLogChute or necessary supporting classes in classpath.
java.lang.NoClassDefFoundError: org/apache/log/format/Formatter
	at java.lang.Class.forName0(Native Method)
	at java.lang.Class.forName(Class.java:274)
	at org.apache.velocity.util.ClassUtils.getClass(ClassUtils.java:63)
	at org.apache.velocity.util.ClassUtils.getNewInstance(ClassUtils.java:95)
	at org.apache.velocity.runtime.log.LogManager.createLogChute(LogManager.java:147)
	at org.apache.velocity.runtime.log.LogManager.updateLog(LogManager.java:208)
	at org.apache.velocity.runtime.RuntimeInstance.initializeLog(RuntimeInstance.java:728)
	at org.apache.velocity.runtime.RuntimeInstance.init(RuntimeInstance.java:240)
	at org.apache.velocity.app.VelocityEngine.init(VelocityEngine.java:116)
	at org.mybatis.generator.maven.TextUtil.velocityMerge(TextUtil.java:96)
	at org.mybatis.generator.maven.MyBatisGeneratorMojo.gen(MyBatisGeneratorMojo.java:307)
	at org.mybatis.generator.maven.MyBatisGeneratorMojo.execute(MyBatisGeneratorMojo.java:246)
	at org.apache.maven.plugin.DefaultBuildPluginManager.executeMojo(DefaultBuildPluginManager.java:132)
	at org.apache.maven.lifecycle.internal.MojoExecutor.execute(MojoExecutor.java:208)
	at org.apache.maven.lifecycle.internal.MojoExecutor.execute(MojoExecutor.java:153)
	at org.apache.maven.lifecycle.internal.MojoExecutor.execute(MojoExecutor.java:145)
	at org.apache.maven.lifecycle.internal.LifecycleModuleBuilder.buildProject(LifecycleModuleBuilder.java:116)
	at org.apache.maven.lifecycle.internal.LifecycleModuleBuilder.buildProject(LifecycleModuleBuilder.java:80)
	at org.apache.maven.lifecycle.internal.builder.singlethreaded.SingleThreadedBuilder.build(SingleThreadedBuilder.java:51)
	at org.apache.maven.lifecycle.internal.LifecycleStarter.execute(LifecycleStarter.java:120)
	at org.apache.maven.DefaultMaven.doExecute(DefaultMaven.java:347)
	at org.apache.maven.DefaultMaven.execute(DefaultMaven.java:154)
	at org.apache.maven.cli.MavenCli.execute(MavenCli.java:584)
	at org.apache.maven.cli.MavenCli.doMain(MavenCli.java:213)
	at org.apache.maven.cli.MavenCli.main(MavenCli.java:157)
	at sun.reflect.NativeMethodAccessorImpl.invoke0(Native Method)
	at sun.reflect.NativeMethodAccessorImpl.invoke(NativeMethodAccessorImpl.java:57)
	at sun.reflect.DelegatingMethodAccessorImpl.invoke(DelegatingMethodAccessorImpl.java:43)
	at java.lang.reflect.Method.invoke(Method.java:606)
	at org.codehaus.plexus.classworlds.launcher.Launcher.launchEnhanced(Launcher.java:289)
	at org.codehaus.plexus.classworlds.launcher.Launcher.launch(Launcher.java:229)
	at org.codehaus.plexus.classworlds.launcher.Launcher.mainWithExitCode(Launcher.java:415)
	at org.codehaus.plexus.classworlds.launcher.Launcher.main(Launcher.java:356)
Caused by: java.lang.ClassNotFoundException: org.apache.log.format.Formatter
	at org.codehaus.plexus.classworlds.strategy.SelfFirstStrategy.loadClass(SelfFirstStrategy.java:50)
	at org.codehaus.plexus.classworlds.realm.ClassRealm.unsynchronizedLoadClass(ClassRealm.java:259)
	at org.codehaus.plexus.classworlds.realm.ClassRealm.loadClass(ClassRealm.java:235)
	at org.codehaus.plexus.classworlds.realm.ClassRealm.loadClass(ClassRealm.java:227)
	... 33 more
2018-03-07 17:55:45,421 - Trying to use logger class org.apache.velocity.runtime.log.Log4JLogChute
2018-03-07 17:55:45,421 - Trying to use logger class org.apache.velocity.runtime.log.Log4JLogChute
2018-03-07 17:55:45,421 - Trying to use logger class org.apache.velocity.runtime.log.Log4JLogChute
2018-03-07 17:55:45,421 - Trying to use logger class org.apache.velocity.runtime.log.Log4JLogChute
2018-03-07 17:55:45,421 - Trying to use logger class org.apache.velocity.runtime.log.Log4JLogChute
2018-03-07 17:55:45,421 - Using logger class org.apache.velocity.runtime.log.Log4JLogChute
2018-03-07 17:55:45,421 - Using logger class org.apache.velocity.runtime.log.Log4JLogChute
2018-03-07 17:55:45,421 - Using logger class org.apache.velocity.runtime.log.Log4JLogChute
2018-03-07 17:55:45,421 - Using logger class org.apache.velocity.runtime.log.Log4JLogChute
2018-03-07 17:55:45,421 - Using logger class org.apache.velocity.runtime.log.Log4JLogChute
2018-03-07 17:55:45,421 - Default ResourceManager initializing. (class org.apache.velocity.runtime.resource.ResourceManagerImpl)
2018-03-07 17:55:45,421 - Default ResourceManager initializing. (class org.apache.velocity.runtime.resource.ResourceManagerImpl)
2018-03-07 17:55:45,421 - Default ResourceManager initializing. (class org.apache.velocity.runtime.resource.ResourceManagerImpl)
2018-03-07 17:55:45,421 - Default ResourceManager initializing. (class org.apache.velocity.runtime.resource.ResourceManagerImpl)
2018-03-07 17:55:45,421 - Default ResourceManager initializing. (class org.apache.velocity.runtime.resource.ResourceManagerImpl)
2018-03-07 17:55:45,421 - ResourceLoader instantiated: org.apache.velocity.runtime.resource.loader.ClasspathResourceLoader
2018-03-07 17:55:45,421 - ResourceLoader instantiated: org.apache.velocity.runtime.resource.loader.ClasspathResourceLoader
2018-03-07 17:55:45,421 - ResourceLoader instantiated: org.apache.velocity.runtime.resource.loader.ClasspathResourceLoader
2018-03-07 17:55:45,421 - ResourceLoader instantiated: org.apache.velocity.runtime.resource.loader.ClasspathResourceLoader
2018-03-07 17:55:45,421 - ResourceLoader instantiated: org.apache.velocity.runtime.resource.loader.ClasspathResourceLoader
2018-03-07 17:55:45,421 - ResourceCache: initialized (class org.apache.velocity.runtime.resource.ResourceCacheImpl)
2018-03-07 17:55:45,421 - ResourceCache: initialized (class org.apache.velocity.runtime.resource.ResourceCacheImpl)
2018-03-07 17:55:45,421 - ResourceCache: initialized (class org.apache.velocity.runtime.resource.ResourceCacheImpl)
2018-03-07 17:55:45,421 - ResourceCache: initialized (class org.apache.velocity.runtime.resource.ResourceCacheImpl)
2018-03-07 17:55:45,421 - ResourceCache: initialized (class org.apache.velocity.runtime.resource.ResourceCacheImpl)
2018-03-07 17:55:45,421 - Loaded System Directive: org.apache.velocity.runtime.directive.Literal
2018-03-07 17:55:45,421 - Loaded System Directive: org.apache.velocity.runtime.directive.Literal
2018-03-07 17:55:45,421 - Loaded System Directive: org.apache.velocity.runtime.directive.Literal
2018-03-07 17:55:45,421 - Loaded System Directive: org.apache.velocity.runtime.directive.Literal
2018-03-07 17:55:45,421 - Loaded System Directive: org.apache.velocity.runtime.directive.Literal
2018-03-07 17:55:45,422 - Loaded System Directive: org.apache.velocity.runtime.directive.Macro
2018-03-07 17:55:45,422 - Loaded System Directive: org.apache.velocity.runtime.directive.Macro
2018-03-07 17:55:45,422 - Loaded System Directive: org.apache.velocity.runtime.directive.Macro
2018-03-07 17:55:45,422 - Loaded System Directive: org.apache.velocity.runtime.directive.Macro
2018-03-07 17:55:45,422 - Loaded System Directive: org.apache.velocity.runtime.directive.Macro
2018-03-07 17:55:45,422 - Loaded System Directive: org.apache.velocity.runtime.directive.Parse
2018-03-07 17:55:45,422 - Loaded System Directive: org.apache.velocity.runtime.directive.Parse
2018-03-07 17:55:45,422 - Loaded System Directive: org.apache.velocity.runtime.directive.Parse
2018-03-07 17:55:45,422 - Loaded System Directive: org.apache.velocity.runtime.directive.Parse
2018-03-07 17:55:45,422 - Loaded System Directive: org.apache.velocity.runtime.directive.Parse
2018-03-07 17:55:45,422 - Loaded System Directive: org.apache.velocity.runtime.directive.Include
2018-03-07 17:55:45,422 - Loaded System Directive: org.apache.velocity.runtime.directive.Include
2018-03-07 17:55:45,422 - Loaded System Directive: org.apache.velocity.runtime.directive.Include
2018-03-07 17:55:45,422 - Loaded System Directive: org.apache.velocity.runtime.directive.Include
2018-03-07 17:55:45,422 - Loaded System Directive: org.apache.velocity.runtime.directive.Include
2018-03-07 17:55:45,422 - Loaded System Directive: org.apache.velocity.runtime.directive.Foreach
2018-03-07 17:55:45,422 - Loaded System Directive: org.apache.velocity.runtime.directive.Foreach
2018-03-07 17:55:45,422 - Loaded System Directive: org.apache.velocity.runtime.directive.Foreach
2018-03-07 17:55:45,422 - Loaded System Directive: org.apache.velocity.runtime.directive.Foreach
2018-03-07 17:55:45,422 - Loaded System Directive: org.apache.velocity.runtime.directive.Foreach
2018-03-07 17:55:45,423 - Created '20' parsers.
2018-03-07 17:55:45,423 - Created '20' parsers.
2018-03-07 17:55:45,423 - Created '20' parsers.
2018-03-07 17:55:45,423 - Created '20' parsers.
2018-03-07 17:55:45,423 - Created '20' parsers.
2018-03-07 17:55:45,423 - Velocimacro : "velocimacro.library" is not set.  Trying default library: VM_global_library.vm
2018-03-07 17:55:45,423 - Velocimacro : "velocimacro.library" is not set.  Trying default library: VM_global_library.vm
2018-03-07 17:55:45,423 - Velocimacro : "velocimacro.library" is not set.  Trying default library: VM_global_library.vm
2018-03-07 17:55:45,423 - Velocimacro : "velocimacro.library" is not set.  Trying default library: VM_global_library.vm
2018-03-07 17:55:45,423 - Velocimacro : "velocimacro.library" is not set.  Trying default library: VM_global_library.vm
2018-03-07 17:55:45,423 - Velocimacro : Default library not found.
2018-03-07 17:55:45,423 - Velocimacro : Default library not found.
2018-03-07 17:55:45,423 - Velocimacro : Default library not found.
2018-03-07 17:55:45,423 - Velocimacro : Default library not found.
2018-03-07 17:55:45,423 - Velocimacro : Default library not found.
2018-03-07 17:55:45,423 - Velocimacro : allowInline = true : VMs can be defined inline in templates
2018-03-07 17:55:45,423 - Velocimacro : allowInline = true : VMs can be defined inline in templates
2018-03-07 17:55:45,423 - Velocimacro : allowInline = true : VMs can be defined inline in templates
2018-03-07 17:55:45,423 - Velocimacro : allowInline = true : VMs can be defined inline in templates
2018-03-07 17:55:45,423 - Velocimacro : allowInline = true : VMs can be defined inline in templates
2018-03-07 17:55:45,423 - Velocimacro : allowInlineToOverride = false : VMs defined inline may NOT replace previous VM definitions
2018-03-07 17:55:45,423 - Velocimacro : allowInlineToOverride = false : VMs defined inline may NOT replace previous VM definitions
2018-03-07 17:55:45,423 - Velocimacro : allowInlineToOverride = false : VMs defined inline may NOT replace previous VM definitions
2018-03-07 17:55:45,423 - Velocimacro : allowInlineToOverride = false : VMs defined inline may NOT replace previous VM definitions
2018-03-07 17:55:45,423 - Velocimacro : allowInlineToOverride = false : VMs defined inline may NOT replace previous VM definitions
2018-03-07 17:55:45,424 - Velocimacro : allowInlineLocal = false : VMs defined inline will be global in scope if allowed.
2018-03-07 17:55:45,424 - Velocimacro : allowInlineLocal = false : VMs defined inline will be global in scope if allowed.
2018-03-07 17:55:45,424 - Velocimacro : allowInlineLocal = false : VMs defined inline will be global in scope if allowed.
2018-03-07 17:55:45,424 - Velocimacro : allowInlineLocal = false : VMs defined inline will be global in scope if allowed.
2018-03-07 17:55:45,424 - Velocimacro : allowInlineLocal = false : VMs defined inline will be global in scope if allowed.
2018-03-07 17:55:45,424 - Velocimacro : autoload off : VM system will not automatically reload global library macros
2018-03-07 17:55:45,424 - Velocimacro : autoload off : VM system will not automatically reload global library macros
2018-03-07 17:55:45,424 - Velocimacro : autoload off : VM system will not automatically reload global library macros
2018-03-07 17:55:45,424 - Velocimacro : autoload off : VM system will not automatically reload global library macros
2018-03-07 17:55:45,424 - Velocimacro : autoload off : VM system will not automatically reload global library macros
2018-03-07 17:55:45,424 - ResourceManager : found code_template_new/DictVo.java.vm with loader org.apache.velocity.runtime.resource.loader.ClasspathResourceLoader
2018-03-07 17:55:45,424 - ResourceManager : found code_template_new/DictVo.java.vm with loader org.apache.velocity.runtime.resource.loader.ClasspathResourceLoader
2018-03-07 17:55:45,424 - ResourceManager : found code_template_new/DictVo.java.vm with loader org.apache.velocity.runtime.resource.loader.ClasspathResourceLoader
2018-03-07 17:55:45,424 - ResourceManager : found code_template_new/DictVo.java.vm with loader org.apache.velocity.runtime.resource.loader.ClasspathResourceLoader
2018-03-07 17:55:45,424 - ResourceManager : found code_template_new/DictVo.java.vm with loader org.apache.velocity.runtime.resource.loader.ClasspathResourceLoader
